c:\visual studio 2015\projects\helloworld\project1\x64\debug\vc140.pdb
c:\visual studio 2015\projects\helloworld\project1\x64\debug\vc140.idb
c:\visual studio 2015\projects\helloworld\project1\x64\debug\源.obj
c:\visual studio 2015\projects\helloworld\project1\x64\debug\helloworld.obj
c:\visual studio 2015\projects\helloworld\project1\x64\debug\mularry.obj
c:\visual studio 2015\projects\helloworld\x64\debug\project1.ilk
c:\visual studio 2015\projects\helloworld\x64\debug\project1.exe
c:\visual studio 2015\projects\helloworld\x64\debug\project1.pdb
c:\visual studio 2015\projects\helloworld\project1\x64\debug\project1.tlog\cl.command.1.tlog
c:\visual studio 2015\projects\helloworld\project1\x64\debug\project1.tlog\cl.read.1.tlog
c:\visual studio 2015\projects\helloworld\project1\x64\debug\project1.tlog\cl.write.1.tlog
c:\visual studio 2015\projects\helloworld\project1\x64\debug\project1.tlog\link.2452-cvtres.read.1.tlog
c:\visual studio 2015\projects\helloworld\project1\x64\debug\project1.tlog\link.2452-cvtres.write.1.tlog
c:\visual studio 2015\projects\helloworld\project1\x64\debug\project1.tlog\link.2452-rc.read.1.tlog
c:\visual studio 2015\projects\helloworld\project1\x64\debug\project1.tlog\link.2452-rc.write.1.tlog
c:\visual studio 2015\projects\helloworld\project1\x64\debug\project1.tlog\link.2452.read.1.tlog
c:\visual studio 2015\projects\helloworld\project1\x64\debug\project1.tlog\link.2452.write.1.tlog
c:\visual studio 2015\projects\helloworld\project1\x64\debug\project1.tlog\link.command.1.tlog
c:\visual studio 2015\projects\helloworld\project1\x64\debug\project1.tlog\link.read.1.tlog
c:\visual studio 2015\projects\helloworld\project1\x64\debug\project1.tlog\link.write.1.tlog
